<?xml version="1.0" encoding="UTF-8"?>
<testng-results skipped="0" failed="0" ignored="0" total="2" passed="2">
  <reporter-output>
  </reporter-output>
  <suite name="Suite" duration-ms="65519" started-at="2020-02-25T16:42:36 PST" finished-at="2020-02-25T16:43:42 PST">
    <groups>
    </groups>
    <test name="Test" duration-ms="65519" started-at="2020-02-25T16:42:36 PST" finished-at="2020-02-25T16:43:42 PST">
      <class name="SFDC_Login">
        <test-method status="PASS" signature="A_LoginErrorMessage()[pri:0, instance:SFDC_Login@458c1321]" name="A_LoginErrorMessage" duration-ms="43898" started-at="2020-02-25T16:42:36 PST" finished-at="2020-02-25T16:43:20 PST">
          <reporter-output>
          </reporter-output>
        </test-method> <!-- A_LoginErrorMessage -->
        <test-method status="PASS" signature="D_ForgotPassword_4B()[pri:0, instance:SFDC_Login@458c1321]" name="D_ForgotPassword_4B" duration-ms="21457" started-at="2020-02-25T16:43:20 PST" finished-at="2020-02-25T16:43:42 PST">
          <reporter-output>
          </reporter-output>
        </test-method> <!-- D_ForgotPassword_4B -->
      </class> <!-- SFDC_Login -->
    </test> <!-- Test -->
  </suite> <!-- Suite -->
</testng-results>
