<?xml version="1.0" encoding="UTF-8"?>
<testng-results skipped="0" failed="0" ignored="11" total="12" passed="1">
  <reporter-output>
  </reporter-output>
  <suite name="SFDCTestingPOMFramework" duration-ms="49181" started-at="2020-04-18T00:33:25 PDT" finished-at="2020-04-18T00:34:14 PDT">
    <groups>
    </groups>
    <test name="TestSFDCPOMFirefox" duration-ms="49145" started-at="2020-04-18T00:33:25 PDT" finished-at="2020-04-18T00:34:14 PDT">
      <class name="TestSFDC.SFDC_Login">
        <test-method status="PASS" signature="Initialize(java.lang.String)[pri:0, instance:TestSFDC.SFDC_Login@36b4cef0]" name="Initialize" is-config="true" duration-ms="9260" started-at="2020-04-18T00:33:25 PDT" finished-at="2020-04-18T00:33:34 PDT">
          <params>
            <param index="0">
              <value>
                <![CDATA[firefox]]>
              </value>
            </param>
          </params>
          <reporter-output>
          </reporter-output>
        </test-method> <!-- Initialize -->
        <test-method status="PASS" signature="C_CheckRemeberMe()[pri:0, instance:TestSFDC.SFDC_Login@36b4cef0]" name="C_CheckRemeberMe" duration-ms="39401" started-at="2020-04-18T00:33:34 PDT" finished-at="2020-04-18T00:34:13 PDT">
          <reporter-output>
          </reporter-output>
        </test-method> <!-- C_CheckRemeberMe -->
        <test-method status="PASS" signature="Close()[pri:0, instance:TestSFDC.SFDC_Login@36b4cef0]" name="Close" is-config="true" duration-ms="413" started-at="2020-04-18T00:34:13 PDT" finished-at="2020-04-18T00:34:14 PDT">
          <reporter-output>
          </reporter-output>
        </test-method> <!-- Close -->
      </class> <!-- TestSFDC.SFDC_Login -->
    </test> <!-- TestSFDCPOMFirefox -->
    <test name="TestSFDCPOMchrome" duration-ms="2" started-at="2020-04-18T00:34:14 PDT" finished-at="2020-04-18T00:34:14 PDT">
    </test> <!-- TestSFDCPOMchrome -->
  </suite> <!-- SFDCTestingPOMFramework -->
</testng-results>
