<?xml version="1.0" encoding="UTF-8"?>
<testng-results skipped="0" failed="0" ignored="0" total="2" passed="2">
  <reporter-output>
  </reporter-output>
  <suite name="Suite" duration-ms="72024" started-at="2020-02-25T22:55:49 PST" finished-at="2020-02-25T22:57:01 PST">
    <groups>
    </groups>
    <test name="Test" duration-ms="72024" started-at="2020-02-25T22:55:49 PST" finished-at="2020-02-25T22:57:01 PST">
      <class name="SFDC_Login">
        <test-method status="PASS" signature="A_LoginErrorMessage()[pri:0, instance:SFDC_Login@6fc6f14e]" name="A_LoginErrorMessage" duration-ms="25315" started-at="2020-02-25T22:55:50 PST" finished-at="2020-02-25T22:56:15 PST">
          <reporter-output>
          </reporter-output>
        </test-method> <!-- A_LoginErrorMessage -->
        <test-method status="PASS" signature="D_ForgotPassword_4B()[pri:0, instance:SFDC_Login@6fc6f14e]" name="D_ForgotPassword_4B" duration-ms="46667" started-at="2020-02-25T22:56:15 PST" finished-at="2020-02-25T22:57:01 PST">
          <reporter-output>
          </reporter-output>
        </test-method> <!-- D_ForgotPassword_4B -->
      </class> <!-- SFDC_Login -->
    </test> <!-- Test -->
  </suite> <!-- Suite -->
</testng-results>
