<?xml version="1.0" encoding="UTF-8"?>
<!-- Generated by org.testng.reporters.JUnitXMLReporter -->
<testsuite hostname="DESKTOP-I8BICNQ" ignored="6" tests="0" failures="0" timestamp="2020-04-18T00:12:51 PDT" time="0.017" errors="0">
  <testcase name="B_LogintoSFDC" time="0.0" classname="TestSFDC.SFDC_Login">
    <ignored/>
  </testcase> <!-- B_LogintoSFDC -->
  <testcase name="C_CheckRemeberMe" time="0.0" classname="TestSFDC.SFDC_Login">
    <ignored/>
  </testcase> <!-- C_CheckRemeberMe -->
  <testcase name="E_Tc06" time="0.0" classname="TestSFDC.SFDC_Login">
    <ignored/>
  </testcase> <!-- E_Tc06 -->
  <testcase name="D_ForgotPassword_4A" time="0.0" classname="TestSFDC.SFDC_Login">
    <ignored/>
  </testcase> <!-- D_ForgotPassword_4A -->
  <testcase name="D_ForgotPassword_4B" time="0.0" classname="TestSFDC.SFDC_Login">
    <ignored/>
  </testcase> <!-- D_ForgotPassword_4B -->
  <testcase name="A_LoginErrorMessage" time="0.0" classname="TestSFDC.SFDC_Login">
    <ignored/>
  </testcase> <!-- A_LoginErrorMessage -->
</testsuite>
