<?xml version="1.0" encoding="UTF-8"?>
<!-- Generated by org.testng.reporters.JUnitXMLReporter -->
<testsuite hostname="DESKTOP-I8BICNQ" ignored="5" name="TestSFDCPOMFirefox" tests="1" failures="0" timestamp="2020-04-18T00:34:14 PDT" time="49.145" errors="0">
  <testcase name="C_CheckRemeberMe" time="39.401" classname="TestSFDC.SFDC_Login"/>
  <testcase name="B_LogintoSFDC" time="0.0" classname="TestSFDC.SFDC_Login">
    <ignored/>
  </testcase> <!-- B_LogintoSFDC -->
  <testcase name="D_ForgotPassword_4A" time="0.0" classname="TestSFDC.SFDC_Login">
    <ignored/>
  </testcase> <!-- D_ForgotPassword_4A -->
  <testcase name="E_Tc06" time="0.0" classname="TestSFDC.SFDC_Login">
    <ignored/>
  </testcase> <!-- E_Tc06 -->
  <testcase name="D_ForgotPassword_4B" time="0.0" classname="TestSFDC.SFDC_Login">
    <ignored/>
  </testcase> <!-- D_ForgotPassword_4B -->
  <testcase name="A_LoginErrorMessage" time="0.0" classname="TestSFDC.SFDC_Login">
    <ignored/>
  </testcase> <!-- A_LoginErrorMessage -->
</testsuite> <!-- TestSFDCPOMFirefox -->
