<?xml version="1.0" encoding="UTF-8"?>
<!-- Generated by org.testng.reporters.JUnitXMLReporter -->
<testsuite hostname="DESKTOP-I8BICNQ" ignored="0" name="Test" tests="5" failures="0" timestamp="2020-04-16T15:00:31 PDT" time="165.982" errors="0">
  <testcase name="A_LoginErrorMessage" time="12.989" classname="TestSFDC.SFDC_Login"/>
  <testcase name="B_LogintoSFDC" time="24.401" classname="TestSFDC.SFDC_Login"/>
  <testcase name="C_CheckRemeberMe" time="34.45" classname="TestSFDC.SFDC_Login"/>
  <testcase name="D_ForgotPassword_4A" time="15.42" classname="TestSFDC.SFDC_Login"/>
  <testcase name="D_ForgotPassword_4B" time="15.271" classname="TestSFDC.SFDC_Login"/>
</testsuite> <!-- Test -->
